<?xml version="1.0" encoding="UTF-8"?>
<!-- Generated by org.testng.reporters.JUnitReportReporter -->
<testsuite skipped="0" hostname="AAHID8RFFZF2" name="com.fitabank.testcases.LoginTest" tests="1" failures="0" timestamp="2020-07-11T09:42:34 IST" time="2.753" errors="0">
  <testcase name="validUserlogin" time="2.753" classname="com.fitabank.testcases.LoginTest"/>
  <system-out/>
</testsuite> <!-- com.fitabank.testcases.LoginTest -->
